# JRE version: OpenJDK Runtime Environment GraalVM CE 22.3.0 (17.0.5+8) (build 17.0.5+8-jvmci-22.3-b08)
# Java VM: OpenJDK 64-Bit Server VM GraalVM CE 22.3.0 (17.0.5+8-jvmci-22.3-b08, mixed mode, sharing, tiered, jvmci, jvmci compiler, compressed oops, compressed class ptrs, parallel gc, linux-amd64)
GC Precious Log:
 CPUs: 8 total, 1 available
 Memory: 1024M
 Large Page Support: Disabled
 NUMA Support: Disabled
 Compressed Oops: Enabled (32-bit)
 Alignments: Space 512K, Generation 512K, Heap 2M
 Heap Min Capacity: 100M
 Heap Initial Capacity: 100M
 Heap Max Capacity: 512M
 Pre-touch: Disabled
 Parallel Workers: 1
Heap:
 PSYoungGen      total 16384K, used 10240K [0x00000000f5580000, 0x00000000f6c80000, 0x0000000100000000)
  eden space 10240K, 100% used [0x00000000f5580000,0x00000000f5f80000,0x00000000f5f80000)
  from space 6144K, 0% used [0x00000000f6580000,0x00000000f6580000,0x00000000f6b80000)
  to   space 6144K, 0% used [0x00000000f5f80000,0x00000000f5f80000,0x00000000f6580000)
 ParOldGen       total 349696K, used 349695K [0x00000000e0000000, 0x00000000f5580000, 0x00000000f5580000)
  object space 349696K, 99% used [0x00000000e0000000,0x00000000f557ffe0,0x00000000f5580000)
 Metaspace       used 62906K, committed 63936K, reserved 1114112K
  class space    used 6156K, committed 6592K, reserved 1048576K
GC Heap History (20 events):
Event: 384.887 GC heap before
{Heap before GC invocations=414 (full 224):
 PSYoungGen      total 16384K, used 10239K [0x00000000f5580000, 0x00000000f6c80000, 0x0000000100000000)
  eden space 10240K, 99% used [0x00000000f5580000,0x00000000f5f7fff0,0x00000000f5f80000)
  from space 6144K, 0% used [0x00000000f6580000,0x00000000f6580000,0x00000000f6b80000)
  to   space 6144K, 0% used [0x00000000f5f80000,0x00000000f5f80000,0x00000000f6580000)
 ParOldGen       total 349696K, used 349695K [0x00000000e0000000, 0x00000000f5580000, 0x00000000f5580000)
  object space 349696K, 99% used [0x00000000e0000000,0x00000000f557ffb0,0x00000000f5580000)
 Metaspace       used 62904K, committed 63936K, reserved 1114112K
  class space    used 6156K, committed 6592K, reserved 1048576K
}
Event: 386.185 GC heap after
{Heap after GC invocations=414 (full 224):
 PSYoungGen      total 16384K, used 10239K [0x00000000f5580000, 0x00000000f6c80000, 0x0000000100000000)
  eden space 10240K, 99% used [0x00000000f5580000,0x00000000f5f7ffd8,0x00000000f5f80000)
  from space 6144K, 0% used [0x00000000f5f80000,0x00000000f5f80000,0x00000000f6580000)
  to   space 6144K, 0% used [0x00000000f6580000,0x00000000f6580000,0x00000000f6b80000)
 ParOldGen       total 349696K, used 349695K [0x00000000e0000000, 0x00000000f5580000, 0x00000000f5580000)
  object space 349696K, 99% used [0x00000000e0000000,0x00000000f557fc80,0x00000000f5580000)
 Metaspace       used 62904K, committed 63936K, reserved 1114112K
  class space    used 6156K, committed 6592K, reserved 1048576K
}
Event: 386.185 GC heap before
{Heap before GC invocations=415 (full 225):
 PSYoungGen      total 16384K, used 10240K [0x00000000f5580000, 0x00000000f6c80000, 0x0000000100000000)
  eden space 10240K, 100% used [0x00000000f5580000,0x00000000f5f80000,0x00000000f5f80000)
  from space 6144K, 0% used [0x00000000f5f80000,0x00000000f5f80000,0x00000000f6580000)
  to   space 6144K, 0% used [0x00000000f6580000,0x00000000f6580000,0x00000000f6b80000)
 ParOldGen       total 349696K, used 349695K [0x00000000e0000000, 0x00000000f5580000, 0x00000000f5580000)
  object space 349696K, 99% used [0x00000000e0000000,0x00000000f557fff0,0x00000000f5580000)
 Metaspace       used 62904K, committed 63936K, reserved 1114112K
  class space    used 6156K, committed 6592K, reserved 1048576K
}
Event: 387.554 GC heap after
{Heap after GC invocations=415 (full 225):
 PSYoungGen      total 16384K, used 10239K [0x00000000f5580000, 0x00000000f6c80000, 0x0000000100000000)
  eden space 10240K, 99% used [0x00000000f5580000,0x00000000f5f7ffd8,0x00000000f5f80000)
  from space 6144K, 0% used [0x00000000f6580000,0x00000000f6580000,0x00000000f6b80000)
  to   space 6144K, 0% used [0x00000000f5f80000,0x00000000f5f80000,0x00000000f6580000)
 ParOldGen       total 349696K, used 349694K [0x00000000e0000000, 0x00000000f5580000, 0x00000000f5580000)
  object space 349696K, 99% used [0x00000000e0000000,0x00000000f557faf0,0x00000000f5580000)
 Metaspace       used 62904K, committed 63936K, reserved 1114112K
  class space    used 6156K, committed 6592K, reserved 1048576K
}
Event: 387.554 GC heap before
{Heap before GC invocations=416 (full 226):
 PSYoungGen      total 16384K, used 10239K [0x00000000f5580000, 0x00000000f6c80000, 0x0000000100000000)
  eden space 10240K, 99% used [0x00000000f5580000,0x00000000f5f7fff0,0x00000000f5f80000)
  from space 6144K, 0% used [0x00000000f6580000,0x00000000f6580000,0x00000000f6b80000)
  to   space 6144K, 0% used [0x00000000f5f80000,0x00000000f5f80000,0x00000000f6580000)
 ParOldGen       total 349696K, used 349694K [0x00000000e0000000, 0x00000000f5580000, 0x00000000f5580000)
  object space 349696K, 99% used [0x00000000e0000000,0x00000000f557faf0,0x00000000f5580000)
 Metaspace       used 62904K, committed 63936K, reserved 1114112K
  class space    used 6156K, committed 6592K, reserved 1048576K
}
Event: 388.930 GC heap after
{Heap after GC invocations=416 (full 226):
 PSYoungGen      total 16384K, used 10239K [0x00000000f5580000, 0x00000000f6c80000, 0x0000000100000000)
  eden space 10240K, 99% used [0x00000000f5580000,0x00000000f5f7ffc0,0x00000000f5f80000)
  from space 6144K, 0% used [0x00000000f5f80000,0x00000000f5f80000,0x00000000f6580000)
  to   space 6144K, 0% used [0x00000000f6580000,0x00000000f6580000,0x00000000f6b80000)
 ParOldGen       total 349696K, used 349693K [0x00000000e0000000, 0x00000000f5580000, 0x00000000f5580000)
  object space 349696K, 99% used [0x00000000e0000000,0x00000000f557f590,0x00000000f5580000)
 Metaspace       used 62904K, committed 63936K, reserved 1114112K
  class space    used 6156K, committed 6592K, reserved 1048576K
}
Event: 388.948 GC heap before
{Heap before GC invocations=417 (full 227):
 PSYoungGen      total 16384K, used 10239K [0x00000000f5580000, 0x00000000f6c80000, 0x0000000100000000)
  eden space 10240K, 99% used [0x00000000f5580000,0x00000000f5f7fff8,0x00000000f5f80000)
  from space 6144K, 0% used [0x00000000f5f80000,0x00000000f5f80000,0x00000000f6580000)
  to   space 6144K, 0% used [0x00000000f6580000,0x00000000f6580000,0x00000000f6b80000)
 ParOldGen       total 349696K, used 349693K [0x00000000e0000000, 0x00000000f5580000, 0x00000000f5580000)
  object space 349696K, 99% used [0x00000000e0000000,0x00000000f557f590,0x00000000f5580000)
 Metaspace       used 62904K, committed 63936K, reserved 1114112K
  class space    used 6156K, committed 6592K, reserved 1048576K
}
Event: 390.348 GC heap after
{Heap after GC invocations=417 (full 227):
 PSYoungGen      total 16384K, used 10239K [0x00000000f5580000, 0x00000000f6c80000, 0x0000000100000000)
  eden space 10240K, 99% used [0x00000000f5580000,0x00000000f5f7fee0,0x00000000f5f80000)
  from space 6144K, 0% used [0x00000000f6580000,0x00000000f6580000,0x00000000f6b80000)
  to   space 6144K, 0% used [0x00000000f5f80000,0x00000000f5f80000,0x00000000f6580000)
 ParOldGen       total 349696K, used 349693K [0x00000000e0000000, 0x00000000f5580000, 0x00000000f5580000)
  object space 349696K, 99% used [0x00000000e0000000,0x00000000f557f568,0x00000000f5580000)
 Metaspace       used 62904K, committed 63936K, reserved 1114112K
  class space    used 6156K, committed 6592K, reserved 1048576K
}
Event: 390.351 GC heap before
{Heap before GC invocations=418 (full 228):
 PSYoungGen      total 16384K, used 10239K [0x00000000f5580000, 0x00000000f6c80000, 0x0000000100000000)
  eden space 10240K, 99% used [0x00000000f5580000,0x00000000f5f7fff8,0x00000000f5f80000)
  from space 6144K, 0% used [0x00000000f6580000,0x00000000f6580000,0x00000000f6b80000)
  to   space 6144K, 0% used [0x00000000f5f80000,0x00000000f5f80000,0x00000000f6580000)
 ParOldGen       total 349696K, used 349693K [0x00000000e0000000, 0x00000000f5580000, 0x00000000f5580000)
  object space 349696K, 99% used [0x00000000e0000000,0x00000000f557f568,0x00000000f5580000)
 Metaspace       used 62904K, committed 63936K, reserved 1114112K
  class space    used 6156K, committed 6592K, reserved 1048576K
}
Event: 391.796 GC heap after
{Heap after GC invocations=418 (full 228):
 PSYoungGen      total 16384K, used 10239K [0x00000000f5580000, 0x00000000f6c80000, 0x0000000100000000)
  eden space 10240K, 99% used [0x00000000f5580000,0x00000000f5f7fff8,0x00000000f5f80000)
  from space 6144K, 0% used [0x00000000f5f80000,0x00000000f5f80000,0x00000000f6580000)
  to   space 6144K, 0% used [0x00000000f6580000,0x00000000f6580000,0x00000000f6b80000)
 ParOldGen       total 349696K, used 349693K [0x00000000e0000000, 0x00000000f5580000, 0x00000000f5580000)
  object space 349696K, 99% used [0x00000000e0000000,0x00000000f557f548,0x00000000f5580000)
 Metaspace       used 62904K, committed 63936K, reserved 1114112K
  class space    used 6156K, committed 6592K, reserved 1048576K
}
Event: 391.798 GC heap before
{Heap before GC invocations=419 (full 229):
 PSYoungGen      total 16384K, used 10239K [0x00000000f5580000, 0x00000000f6c80000, 0x0000000100000000)
  eden space 10240K, 99% used [0x00000000f5580000,0x00000000f5f7fff8,0x00000000f5f80000)
  from space 6144K, 0% used [0x00000000f5f80000,0x00000000f5f80000,0x00000000f6580000)
  to   space 6144K, 0% used [0x00000000f6580000,0x00000000f6580000,0x00000000f6b80000)
 ParOldGen       total 349696K, used 349695K [0x00000000e0000000, 0x00000000f5580000, 0x00000000f5580000)
  object space 349696K, 99% used [0x00000000e0000000,0x00000000f557fff8,0x00000000f5580000)
 Metaspace       used 62905K, committed 63936K, reserved 1114112K
  class space    used 6156K, committed 6592K, reserved 1048576K
}
Event: 393.353 GC heap after
{Heap after GC invocations=419 (full 229):
 PSYoungGen      total 16384K, used 10239K [0x00000000f5580000, 0x00000000f6c80000, 0x0000000100000000)
  eden space 10240K, 99% used [0x00000000f5580000,0x00000000f5f7fff8,0x00000000f5f80000)
  from space 6144K, 0% used [0x00000000f6580000,0x00000000f6580000,0x00000000f6b80000)
  to   space 6144K, 0% used [0x00000000f5f80000,0x00000000f5f80000,0x00000000f6580000)
 ParOldGen       total 349696K, used 349694K [0x00000000e0000000, 0x00000000f5580000, 0x00000000f5580000)
  object space 349696K, 99% used [0x00000000e0000000,0x00000000f557f898,0x00000000f5580000)
 Metaspace       used 62905K, committed 63936K, reserved 1114112K
  class space    used 6156K, committed 6592K, reserved 1048576K
}
Event: 393.355 GC heap before
{Heap before GC invocations=420 (full 230):
 PSYoungGen      total 16384K, used 10239K [0x00000000f5580000, 0x00000000f6c80000, 0x0000000100000000)
  eden space 10240K, 99% used [0x00000000f5580000,0x00000000f5f7fff8,0x00000000f5f80000)
  from space 6144K, 0% used [0x00000000f6580000,0x00000000f6580000,0x00000000f6b80000)
  to   space 6144K, 0% used [0x00000000f5f80000,0x00000000f5f80000,0x00000000f6580000)
 ParOldGen       total 349696K, used 349694K [0x00000000e0000000, 0x00000000f5580000, 0x00000000f5580000)
  object space 349696K, 99% used [0x00000000e0000000,0x00000000f557fbd8,0x00000000f5580000)
 Metaspace       used 62905K, committed 63936K, reserved 1114112K
  class space    used 6156K, committed 6592K, reserved 1048576K
}
Event: 394.864 GC heap after
{Heap after GC invocations=420 (full 230):
 PSYoungGen      total 16384K, used 10239K [0x00000000f5580000, 0x00000000f6c80000, 0x0000000100000000)
  eden space 10240K, 99% used [0x00000000f5580000,0x00000000f5f7fe10,0x00000000f5f80000)
  from space 6144K, 0% used [0x00000000f5f80000,0x00000000f5f80000,0x00000000f6580000)
  to   space 6144K, 0% used [0x00000000f6580000,0x00000000f6580000,0x00000000f6b80000)
 ParOldGen       total 349696K, used 349694K [0x00000000e0000000, 0x00000000f5580000, 0x00000000f5580000)
  object space 349696K, 99% used [0x00000000e0000000,0x00000000f557f800,0x00000000f5580000)
 Metaspace       used 62905K, committed 63936K, reserved 1114112K
  class space    used 6156K, committed 6592K, reserved 1048576K
}
Event: 394.864 GC heap before
{Heap before GC invocations=421 (full 231):
 PSYoungGen      total 16384K, used 10239K [0x00000000f5580000, 0x00000000f6c80000, 0x0000000100000000)
  eden space 10240K, 99% used [0x00000000f5580000,0x00000000f5f7fff8,0x00000000f5f80000)
  from space 6144K, 0% used [0x00000000f5f80000,0x00000000f5f80000,0x00000000f6580000)
  to   space 6144K, 0% used [0x00000000f6580000,0x00000000f6580000,0x00000000f6b80000)
 ParOldGen       total 349696K, used 349694K [0x00000000e0000000, 0x00000000f5580000, 0x00000000f5580000)
  object space 349696K, 99% used [0x00000000e0000000,0x00000000f557f800,0x00000000f5580000)
 Metaspace       used 62905K, committed 63936K, reserved 1114112K
  class space    used 6156K, committed 6592K, reserved 1048576K
}
Event: 396.112 GC heap after
{Heap after GC invocations=421 (full 231):
 PSYoungGen      total 16384K, used 10239K [0x00000000f5580000, 0x00000000f6c80000, 0x0000000100000000)
  eden space 10240K, 99% used [0x00000000f5580000,0x00000000f5f7ff28,0x00000000f5f80000)
  from space 6144K, 0% used [0x00000000f6580000,0x00000000f6580000,0x00000000f6b80000)
  to   space 6144K, 0% used [0x00000000f5f80000,0x00000000f5f80000,0x00000000f6580000)
 ParOldGen       total 349696K, used 349694K [0x00000000e0000000, 0x00000000f5580000, 0x00000000f5580000)
  object space 349696K, 99% used [0x00000000e0000000,0x00000000f557f800,0x00000000f5580000)
 Metaspace       used 62905K, committed 63936K, reserved 1114112K
  class space    used 6156K, committed 6592K, reserved 1048576K
}
Event: 396.112 GC heap before
{Heap before GC invocations=422 (full 232):
 PSYoungGen      total 16384K, used 10239K [0x00000000f5580000, 0x00000000f6c80000, 0x0000000100000000)
  eden space 10240K, 99% used [0x00000000f5580000,0x00000000f5f7ff90,0x00000000f5f80000)
  from space 6144K, 0% used [0x00000000f6580000,0x00000000f6580000,0x00000000f6b80000)
  to   space 6144K, 0% used [0x00000000f5f80000,0x00000000f5f80000,0x00000000f6580000)
 ParOldGen       total 349696K, used 349694K [0x00000000e0000000, 0x00000000f5580000, 0x00000000f5580000)
  object space 349696K, 99% used [0x00000000e0000000,0x00000000f557f800,0x00000000f5580000)
 Metaspace       used 62905K, committed 63936K, reserved 1114112K
  class space    used 6156K, committed 6592K, reserved 1048576K
}
Event: 397.253 GC heap after
{Heap after GC invocations=422 (full 232):
 PSYoungGen      total 16384K, used 10239K [0x00000000f5580000, 0x00000000f6c80000, 0x0000000100000000)
  eden space 10240K, 99% used [0x00000000f5580000,0x00000000f5f7ff40,0x00000000f5f80000)
  from space 6144K, 0% used [0x00000000f5f80000,0x00000000f5f80000,0x00000000f6580000)
  to   space 6144K, 0% used [0x00000000f6580000,0x00000000f6580000,0x00000000f6b80000)
 ParOldGen       total 349696K, used 349694K [0x00000000e0000000, 0x00000000f5580000, 0x00000000f5580000)
  object space 349696K, 99% used [0x00000000e0000000,0x00000000f557f800,0x00000000f5580000)
 Metaspace       used 62905K, committed 63936K, reserved 1114112K
  class space    used 6156K, committed 6592K, reserved 1048576K
}
Event: 397.253 GC heap before
{Heap before GC invocations=423 (full 233):
 PSYoungGen      total 16384K, used 10239K [0x00000000f5580000, 0x00000000f6c80000, 0x0000000100000000)
  eden space 10240K, 99% used [0x00000000f5580000,0x00000000f5f7ff40,0x00000000f5f80000)
  from space 6144K, 0% used [0x00000000f5f80000,0x00000000f5f80000,0x00000000f6580000)
  to   space 6144K, 0% used [0x00000000f6580000,0x00000000f6580000,0x00000000f6b80000)
 ParOldGen       total 349696K, used 349694K [0x00000000e0000000, 0x00000000f5580000, 0x00000000f5580000)
  object space 349696K, 99% used [0x00000000e0000000,0x00000000f557f800,0x00000000f5580000)
 Metaspace       used 62905K, committed 63936K, reserved 1114112K
  class space    used 6156K, committed 6592K, reserved 1048576K
}
Event: 398.447 GC heap after
{Heap after GC invocations=423 (full 233):
 PSYoungGen      total 16384K, used 10239K [0x00000000f5580000, 0x00000000f6c80000, 0x0000000100000000)
  eden space 10240K, 99% used [0x00000000f5580000,0x00000000f5f7ff40,0x00000000f5f80000)
  from space 6144K, 0% used [0x00000000f6580000,0x00000000f6580000,0x00000000f6b80000)
  to   space 6144K, 0% used [0x00000000f5f80000,0x00000000f5f80000,0x00000000f6580000)
 ParOldGen       total 349696K, used 349694K [0x00000000e0000000, 0x00000000f5580000, 0x00000000f5580000)
  object space 349696K, 99% used [0x00000000e0000000,0x00000000f557f800,0x00000000f5580000)
 Metaspace       used 62905K, committed 63936K, reserved 1114112K
  class space    used 6156K, committed 6592K, reserved 1048576K
}

